<?xml version="1.0" encoding="UTF-8"?>
<testng-results ignored="0" total="1" passed="1" failed="0" skipped="0">
  <reporter-output>
  </reporter-output>
  <suite started-at="2023-12-25T21:25:46 BDT" name="Default suite" finished-at="2023-12-25T21:26:05 BDT" duration-ms="18542">
    <groups>
    </groups>
    <test started-at="2023-12-25T21:25:46 BDT" name="Default test" finished-at="2023-12-25T21:26:05 BDT" duration-ms="18542">
      <class name="task1.HomePage">
        <test-method signature="basePageNavigation()[pri:0, instance:task1.HomePage@294425a7]" started-at="2023-12-25T21:25:47 BDT" name="basePageNavigation" finished-at="2023-12-25T21:26:05 BDT" duration-ms="18481" status="PASS">
          <reporter-output>
          </reporter-output>
        </test-method> <!-- basePageNavigation -->
      </class> <!-- task1.HomePage -->
    </test> <!-- Default test -->
  </suite> <!-- Default suite -->
</testng-results>
